Build started 25/04/2016 12:03:15 CH.
     1>Project "C:\Users\elf\Desktop\update-ver-5\tracker\tracker\tracker.vcxproj" on node 2 (Build target(s)).
     1>ClCompile:
         C:\Program Files (x86)\Microsoft Visual Studio 12.0\VC\bin\CL.exe /c /ZI /nologo /W3 /WX- /sdl /Od /Oy- /D _MBCS /Gm /EHsc /RTC1 /MDd /GS /fp:precise /Zc:wchar_t /Zc:forScope /Fo"Debug\\" /Fd"Debug\vc120.pdb" /Gd /TP /analyze- /errorReport:prompt tracker.cpp
         tracker.cpp
     1>c:\users\elf\desktop\update-ver-5\tracker\tracker\sha1.h(26): warning C4172: returning address of local variable or temporary
     1>c:\users\elf\desktop\update-ver-5\tracker\tracker\socket.h(16): warning C4101: 'iSendResult' : unreferenced local variable
     1>c:\users\elf\desktop\update-ver-5\tracker\tracker\socket.h(90): warning C4101: 'meg' : unreferenced local variable
     1>c:\users\elf\desktop\update-ver-5\tracker\tracker\function.h(15): warning C4172: returning address of local variable or temporary
     1>c:\users\elf\desktop\update-ver-5\tracker\tracker\function.h(23): warning C4172: returning address of local variable or temporary
     1>c:\users\elf\desktop\update-ver-5\tracker\tracker\function.h(42): warning C4172: returning address of local variable or temporary
     1>c:\users\elf\desktop\update-ver-5\tracker\tracker\function.h(68): warning C4172: returning address of local variable or temporary
     1>c:\users\elf\desktop\update-ver-5\tracker\tracker\function.h(186): warning C4172: returning address of local variable or temporary
     1>c:\users\elf\desktop\update-ver-5\tracker\tracker\handle.h(126): warning C4172: returning address of local variable or temporary
       Link:
         C:\Program Files (x86)\Microsoft Visual Studio 12.0\VC\bin\link.exe /ERRORREPORT:PROMPT /OUT:"C:\Users\elf\Desktop\update-ver-5\tracker\Debug\tracker.exe" /INCREMENTAL /NOLOGO kernel32.lib user32.lib gdi32.lib winspool.lib comdlg32.lib advapi32.lib shell32.lib ole32.lib oleaut32.lib uuid.lib odbc32.lib odbccp32.lib /MANIFEST /MANIFESTUAC:"level='asInvoker' uiAccess='false'" /manifest:embed /DEBUG /PDB:"C:\Users\elf\Desktop\update-ver-5\tracker\Debug\tracker.pdb" /TLBID:1 /DYNAMICBASE /NXCOMPAT /IMPLIB:"C:\Users\elf\Desktop\update-ver-5\tracker\Debug\tracker.lib" /MACHINE:X86 Debug\tracker.obj
         tracker.vcxproj -> C:\Users\elf\Desktop\update-ver-5\tracker\Debug\tracker.exe
     1>Done Building Project "C:\Users\elf\Desktop\update-ver-5\tracker\tracker\tracker.vcxproj" (Build target(s)).

Build succeeded.

Time Elapsed 00:00:02.82
