Build started 4/23/2016 10:32:07 AM.
     1>Project "C:\Users\VPC\Desktop\project\project\tracker\tracker\tracker.vcxproj" on node 2 (Build target(s)).
     1>ClCompile:
         C:\Program Files (x86)\Microsoft Visual Studio 12.0\VC\bin\CL.exe /c /Zi /nologo /W3 /WX- /sdl /O2 /Oi /Oy- /GL /D _MBCS /Gm- /EHsc /MD /GS /Gy /fp:precise /Zc:wchar_t /Zc:forScope /Fo"Release\\" /Fd"Release\vc120.pdb" /Gd /TP /analyze- /errorReport:prompt tracker.cpp
         tracker.cpp
     1>c:\users\vpc\desktop\project\project\tracker\tracker\sha1.h(26): warning C4172: returning address of local variable or temporary
     1>c:\users\vpc\desktop\project\project\tracker\tracker\socket.h(16): warning C4101: 'iSendResult' : unreferenced local variable
     1>c:\users\vpc\desktop\project\project\tracker\tracker\socket.h(88): warning C4101: 'meg' : unreferenced local variable
     1>c:\users\vpc\desktop\project\project\tracker\tracker\function.h(15): warning C4172: returning address of local variable or temporary
     1>c:\users\vpc\desktop\project\project\tracker\tracker\function.h(23): warning C4172: returning address of local variable or temporary
     1>c:\users\vpc\desktop\project\project\tracker\tracker\function.h(42): warning C4172: returning address of local variable or temporary
     1>c:\users\vpc\desktop\project\project\tracker\tracker\function.h(68): warning C4172: returning address of local variable or temporary
     1>c:\users\vpc\desktop\project\project\tracker\tracker\function.h(186): warning C4172: returning address of local variable or temporary
     1>c:\users\vpc\desktop\project\project\tracker\tracker\handle.h(120): warning C4172: returning address of local variable or temporary
     1>tracker.cpp(19): warning C4101: 'tracker_ip' : unreferenced local variable
     1>tracker.cpp(14): warning C4101: 'tor_name' : unreferenced local variable
       Link:
         C:\Program Files (x86)\Microsoft Visual Studio 12.0\VC\bin\link.exe /ERRORREPORT:PROMPT /OUT:"C:\Users\VPC\Desktop\project\project\tracker\Release\tracker.exe" /NOLOGO kernel32.lib user32.lib gdi32.lib winspool.lib comdlg32.lib advapi32.lib shell32.lib ole32.lib oleaut32.lib uuid.lib odbc32.lib odbccp32.lib /MANIFEST /MANIFESTUAC:"level='asInvoker' uiAccess='false'" /manifest:embed /DEBUG /PDB:"C:\Users\VPC\Desktop\project\project\tracker\Release\tracker.pdb" /OPT:REF /OPT:ICF /LTCG /TLBID:1 /DYNAMICBASE /NXCOMPAT /IMPLIB:"C:\Users\VPC\Desktop\project\project\tracker\Release\tracker.lib" /MACHINE:X86 /SAFESEH Release\tracker.obj
         Generating code
         Finished generating code
         tracker.vcxproj -> C:\Users\VPC\Desktop\project\project\tracker\Release\tracker.exe
     1>Done Building Project "C:\Users\VPC\Desktop\project\project\tracker\tracker\tracker.vcxproj" (Build target(s)).

Build succeeded.

Time Elapsed 00:00:01.64
