Build started 25/04/2016 3:19:57 CH.
     1>Project "C:\Users\elf\Desktop\update-ver-5\client\client\client.vcxproj" on node 2 (Build target(s)).
     1>ClCompile:
         C:\Program Files (x86)\Microsoft Visual Studio 12.0\VC\bin\CL.exe /c /ZI /nologo /W3 /WX- /sdl /Od /Oy- /D _MBCS /Gm /EHsc /RTC1 /MDd /GS /fp:precise /Zc:wchar_t /Zc:forScope /Fo"Debug\\" /Fd"Debug\vc120.pdb" /Gd /TP /analyze- /errorReport:prompt client.cpp
         client.cpp
     1>c:\users\elf\desktop\update-ver-5\client\client\socket.h(15): warning C4101: 'recvbuf' : unreferenced local variable
     1>c:\users\elf\desktop\update-ver-5\client\client\sha1.h(26): warning C4172: returning address of local variable or temporary
     1>c:\users\elf\desktop\update-ver-5\client\client\function.h(33): warning C4172: returning address of local variable or temporary
     1>c:\users\elf\desktop\update-ver-5\client\client\function.h(47): warning C4172: returning address of local variable or temporary
     1>c:\users\elf\desktop\update-ver-5\client\client\function.h(55): warning C4172: returning address of local variable or temporary
     1>c:\users\elf\desktop\update-ver-5\client\client\function.h(143): warning C4172: returning address of local variable or temporary
     1>c:\users\elf\desktop\update-ver-5\client\client\function.h(214): warning C4172: returning address of local variable or temporary
     1>c:\users\elf\desktop\update-ver-5\client\client\function.h(302): warning C4172: returning address of local variable or temporary
     1>c:\users\elf\desktop\update-ver-5\client\client\function.h(309): warning C4101: 'response' : unreferenced local variable
     1>c:\users\elf\desktop\update-ver-5\client\client\function.h(359): warning C4172: returning address of local variable or temporary
     1>c:\users\elf\desktop\update-ver-5\client\client\function.h(419): warning C4172: returning address of local variable or temporary
       Link:
         C:\Program Files (x86)\Microsoft Visual Studio 12.0\VC\bin\link.exe /ERRORREPORT:PROMPT /OUT:"C:\Users\elf\Desktop\update-ver-5\client\Debug\client.exe" /INCREMENTAL /NOLOGO kernel32.lib user32.lib gdi32.lib winspool.lib comdlg32.lib advapi32.lib shell32.lib ole32.lib oleaut32.lib uuid.lib odbc32.lib odbccp32.lib /MANIFEST /MANIFESTUAC:"level='asInvoker' uiAccess='false'" /manifest:embed /DEBUG /PDB:"C:\Users\elf\Desktop\update-ver-5\client\Debug\client.pdb" /TLBID:1 /DYNAMICBASE /NXCOMPAT /IMPLIB:"C:\Users\elf\Desktop\update-ver-5\client\Debug\client.lib" /MACHINE:X86 Debug\client.obj
         client.vcxproj -> C:\Users\elf\Desktop\update-ver-5\client\Debug\client.exe
     1>Done Building Project "C:\Users\elf\Desktop\update-ver-5\client\client\client.vcxproj" (Build target(s)).

Build succeeded.

Time Elapsed 00:00:01.91
